<?xml version='1.0' encoding='UTF-8'?>
<testsuite hostname="knoldus-INVALID" name="test2" tests="2" errors="0" failures="0" skipped="0" time="0.018" timestamp="2019-07-23T15:55:56">
                     <properties>
[...]
</properties>
                     <testcase classname="test2" name="main1::q1 empty list" time="0.014">
                                                 
                                               </testcase><testcase classname="test2" name="main1:max1 check" time="0.004">
                                                 
                                               </testcase>
                     <system-out><![CDATA[]]></system-out>
                     <system-err><![CDATA[]]></system-err>
                   </testsuite>